[
  {
    "level": "INFO",
    "message": "android.ndkVersion from module build.gradle is 22.1.7171670"
  },
  {
    "level": "INFO",
    "message": "ndk.dir in local.properties is /opt/android-ndk"
  },
  {
    "level": "INFO",
    "message": "ANDROID_NDK_HOME environment variable is /opt/android-ndk"
  },
  {
    "level": "INFO",
    "message": "sdkFolder is /opt/android-sdk"
  },
  {
    "level": "INFO",
    "message": "NDK side-by-side folder from sdkFolder /opt/android-sdk/ndk does not exist"
  },
  {
    "level": "WARN",
    "message": "Support for ANDROID_NDK_HOME is deprecated and will be removed in the future. Use android.ndkVersion in build.gradle instead."
  },
  {
    "level": "INFO",
    "message": "Considering /opt/android-ndk by ndk.dir"
  },
  {
    "level": "INFO",
    "message": "Considering /opt/android-ndk by ANDROID_NDK_HOME"
  },
  {
    "level": "INFO",
    "message": "Considering /opt/android-sdk/ndk-bundle in SDK ndk-bundle folder"
  },
  {
    "level": "INFO",
    "message": "Choosing /opt/android-ndk from ndk.dir which had the requested version 22.1.7171670"
  }
]